Apr 11, 2018 9:38:35 PM ch.uzh.ifi.seal.soprafs18.service.GameService newGame
INFO: Save playerEntity to database
Apr 11, 2018 9:38:35 PM ch.uzh.ifi.seal.soprafs18.service.GameService newGame
INFO: Converted 1 to playerEntity and created new Player
Apr 11, 2018 9:38:35 PM ch.uzh.ifi.seal.soprafs18.service.GameService newGame
INFO: Setting players of game
Apr 11, 2018 9:38:35 PM ch.uzh.ifi.seal.soprafs18.service.GameService newGame
INFO: Setting PathMatrix of game
Apr 11, 2018 9:38:35 PM ch.uzh.ifi.seal.soprafs18.service.GameService newGame
INFO: Creating gameEntity
Apr 11, 2018 9:38:35 PM ch.uzh.ifi.seal.soprafs18.service.GameService newGame
INFO: Setting playerEntities to gameEntity and saving it to database
Apr 11, 2018 9:38:35 PM ch.uzh.ifi.seal.soprafs18.service.GameService newGame
INFO: Save game 3 to the database
Apr 11, 2018 9:38:46 PM ch.uzh.ifi.seal.soprafs18.service.GameService getAll
INFO: Returning all games
Apr 11, 2018 9:42:40 PM ch.uzh.ifi.seal.soprafs18.service.RoomService joinUser
INFO: User 2 joined room 3 successfully. Updating room now
Apr 11, 2018 9:42:43 PM ch.uzh.ifi.seal.soprafs18.service.RoomService joinUser
INFO: User 1 joined room 3 successfully. Updating room now
Apr 11, 2018 9:42:43 PM ch.uzh.ifi.seal.soprafs18.service.RoomService updateRoom
INFO: Room 3 is starting.
Apr 11, 2018 9:42:43 PM ch.uzh.ifi.seal.soprafs18.service.RoomService startGame
INFO: Starting a new Game with room 3
Apr 11, 2018 9:42:43 PM ch.uzh.ifi.seal.soprafs18.service.GameService newGame
INFO: Shuffling users
Apr 11, 2018 9:42:43 PM ch.uzh.ifi.seal.soprafs18.service.GameService newGame
INFO: Creating empty list of players and player entities
Apr 11, 2018 9:42:43 PM ch.uzh.ifi.seal.soprafs18.service.GameService newGame
INFO: Create game with board 0 with no players.
Apr 11, 2018 9:42:43 PM ch.uzh.ifi.seal.soprafs18.service.GameService newGame
INFO: Creating new player 2 with name Marius and position 0
Apr 11, 2018 9:42:43 PM ch.uzh.ifi.seal.soprafs18.service.GameService newGame
INFO: Added player to players
Apr 11, 2018 9:42:43 PM ch.uzh.ifi.seal.soprafs18.service.GameService newGame
INFO: Create new playerEntity 2 with player 0 and gameentity Testroom and token TESTTOKEN
Apr 11, 2018 9:42:43 PM ch.uzh.ifi.seal.soprafs18.service.GameService newGame
INFO: Adding player entity to list of playerEntities
Apr 11, 2018 9:42:43 PM ch.uzh.ifi.seal.soprafs18.service.GameService newGame
INFO: Save playerEntity to database
Apr 11, 2018 9:42:43 PM ch.uzh.ifi.seal.soprafs18.service.GameService newGame
INFO: Converted 2 to playerEntity and created new Player
Apr 11, 2018 9:42:43 PM ch.uzh.ifi.seal.soprafs18.service.GameService newGame
INFO: Creating new player 1 with name Joel and position 1
Apr 11, 2018 9:42:43 PM ch.uzh.ifi.seal.soprafs18.service.GameService newGame
INFO: Added player to players
Apr 11, 2018 9:42:43 PM ch.uzh.ifi.seal.soprafs18.service.GameService newGame
INFO: Create new playerEntity 1 with player 1 and gameentity Testroom and token TESTTOKEN
Apr 11, 2018 9:42:43 PM ch.uzh.ifi.seal.soprafs18.service.GameService newGame
INFO: Adding player entity to list of playerEntities
Apr 11, 2018 9:42:43 PM ch.uzh.ifi.seal.soprafs18.service.GameService newGame
INFO: Save playerEntity to database
Apr 11, 2018 9:42:43 PM ch.uzh.ifi.seal.soprafs18.service.GameService newGame
INFO: Converted 1 to playerEntity and created new Player
Apr 11, 2018 9:42:43 PM ch.uzh.ifi.seal.soprafs18.service.GameService newGame
INFO: Setting players of game
Apr 11, 2018 9:42:43 PM ch.uzh.ifi.seal.soprafs18.service.GameService newGame
INFO: Setting PathMatrix of game
Apr 11, 2018 9:42:43 PM ch.uzh.ifi.seal.soprafs18.service.GameService newGame
INFO: Creating gameEntity
Apr 11, 2018 9:42:43 PM ch.uzh.ifi.seal.soprafs18.service.GameService newGame
INFO: Setting playerEntities to gameEntity and saving it to database
Apr 11, 2018 9:42:43 PM ch.uzh.ifi.seal.soprafs18.service.GameService newGame
INFO: Save game 3 to the database
Apr 11, 2018 9:42:45 PM ch.uzh.ifi.seal.soprafs18.service.GameService getAll
INFO: Returning all games
Apr 11, 2018 10:54:15 PM ch.uzh.ifi.seal.soprafs18.service.RoomService joinUser
INFO: User 2 joined room 3 successfully. Updating room now
Apr 11, 2018 10:54:18 PM ch.uzh.ifi.seal.soprafs18.service.RoomService joinUser
INFO: User 1 joined room 3 successfully. Updating room now
Apr 11, 2018 10:54:18 PM ch.uzh.ifi.seal.soprafs18.service.RoomService updateRoom
INFO: Room 3 is starting.
Apr 11, 2018 10:54:18 PM ch.uzh.ifi.seal.soprafs18.service.RoomService startGame
INFO: Starting a new Game with room 3
Apr 11, 2018 10:54:18 PM ch.uzh.ifi.seal.soprafs18.service.GameService newGame
INFO: Shuffling users
Apr 11, 2018 10:54:18 PM ch.uzh.ifi.seal.soprafs18.service.GameService newGame
INFO: Creating empty list of players and player entities
Apr 11, 2018 10:54:18 PM ch.uzh.ifi.seal.soprafs18.service.GameService newGame
INFO: Create game with board 0 with no players.
Apr 11, 2018 10:54:18 PM ch.uzh.ifi.seal.soprafs18.service.GameService newGame
INFO: Creating new player 1 with name Joel and position 0
Apr 11, 2018 10:54:18 PM ch.uzh.ifi.seal.soprafs18.service.GameService newGame
INFO: Added player to players
Apr 11, 2018 10:54:18 PM ch.uzh.ifi.seal.soprafs18.service.GameService newGame
INFO: Create new playerEntity 1 with player 0 and gameentity Testroom and token TESTTOKEN
Apr 11, 2018 10:54:18 PM ch.uzh.ifi.seal.soprafs18.service.GameService newGame
INFO: Adding player entity to list of playerEntities
Apr 11, 2018 10:54:18 PM ch.uzh.ifi.seal.soprafs18.service.GameService newGame
INFO: Save playerEntity to database
Apr 11, 2018 10:54:18 PM ch.uzh.ifi.seal.soprafs18.service.GameService newGame
INFO: Converted 1 to playerEntity and created new Player
Apr 11, 2018 10:54:18 PM ch.uzh.ifi.seal.soprafs18.service.GameService newGame
INFO: Creating new player 2 with name Marius and position 1
Apr 11, 2018 10:54:18 PM ch.uzh.ifi.seal.soprafs18.service.GameService newGame
INFO: Added player to players
Apr 11, 2018 10:54:18 PM ch.uzh.ifi.seal.soprafs18.service.GameService newGame
INFO: Create new playerEntity 2 with player 1 and gameentity Testroom and token TESTTOKEN
Apr 11, 2018 10:54:18 PM ch.uzh.ifi.seal.soprafs18.service.GameService newGame
INFO: Adding player entity to list of playerEntities
Apr 11, 2018 10:54:18 PM ch.uzh.ifi.seal.soprafs18.service.GameService newGame
INFO: Save playerEntity to database
Apr 11, 2018 10:54:18 PM ch.uzh.ifi.seal.soprafs18.service.GameService newGame
INFO: Converted 2 to playerEntity and created new Player
Apr 11, 2018 10:54:18 PM ch.uzh.ifi.seal.soprafs18.service.GameService newGame
INFO: Setting players of game
Apr 11, 2018 10:54:18 PM ch.uzh.ifi.seal.soprafs18.service.GameService newGame
INFO: Setting PathMatrix of game
Apr 11, 2018 10:54:18 PM ch.uzh.ifi.seal.soprafs18.service.GameService newGame
INFO: Creating gameEntity
Apr 11, 2018 10:54:18 PM ch.uzh.ifi.seal.soprafs18.service.GameService newGame
INFO: Setting playerEntities to gameEntity and saving it to database
Apr 11, 2018 10:54:18 PM ch.uzh.ifi.seal.soprafs18.service.GameService newGame
INFO: Save game 3 to the database
Apr 11, 2018 10:54:22 PM ch.uzh.ifi.seal.soprafs18.service.GameService getAll
INFO: Returning all games
